
------------------------Start programm-----------------------
------------------------23.06.16 13:24-----------------------

Email: skyfree@bk.ru | Status: OFFLINE in 13:24:24 23.6.2016

--------------------------------------------------------------

Email: test@mail.ru | Status: OFFLINE in 13:24:24 23.6.2016

--------------------------------------------------------------

------------------------Start programm-----------------------
------------------------23.06.16 13:24-----------------------

------------------------Start programm-----------------------
------------------------23.06.16 13:26-----------------------

Email: skyfree@bk.ru | Status: OFFLINE in 13:26:26 23.6.2016

--------------------------------------------------------------

Email: test@mail.ru | Status: OFFLINE in 13:26:26 23.6.2016

--------------------------------------------------------------

------------------------Start programm-----------------------
------------------------23.06.16 13:26-----------------------

------------------------Start programm-----------------------
------------------------23.06.16 13:27-----------------------

Email: skyfree@bk.ru | Status: OFFLINE in 13:27:27 23.6.2016

--------------------------------------------------------------

Email: test@mail.ru | Status: OFFLINE in 13:27:27 23.6.2016

--------------------------------------------------------------

------------------------Start programm-----------------------
------------------------29.06.16 12:20-----------------------

Email: skyfree@bk.ru | Status: OFFLINE in 12:20:20 29.6.2016

--------------------------------------------------------------

Email: test@mail.ru | Status: OFFLINE in 12:20:20 29.6.2016

--------------------------------------------------------------

------------------------Start programm-----------------------
------------------------29.06.16 12:21-----------------------

Email: test@mail.ru | Status: OFFLINE in 12:21:21 29.6.2016

--------------------------------------------------------------
